дек. 05, 2021 8:29:58 PM LoggerDemo main
SEVERE: New Year's Day
дек. 05, 2021 8:29:58 PM LoggerDemo main
SEVERE: Martin Luther King Jr. Day
дек. 05, 2021 8:29:58 PM LoggerDemo main
SEVERE: Inauguration Day (<span title="District of Columbia">DC</span>, <span title="Maryland: partly">MD*</span>, <span title="Virginia: partly">VA*</span>)
дек. 05, 2021 8:29:58 PM LoggerDemo main
SEVERE: Presidents' Day
дек. 05, 2021 8:29:58 PM LoggerDemo main
SEVERE: Memorial Day
дек. 05, 2021 8:29:58 PM LoggerDemo main
SEVERE: 'Juneteenth' day off
дек. 05, 2021 8:29:58 PM LoggerDemo main
SEVERE: 'Independence Day' day off
дек. 05, 2021 8:29:58 PM LoggerDemo main
SEVERE: Labor Day
дек. 05, 2021 8:29:58 PM LoggerDemo main
SEVERE: Columbus Day
дек. 05, 2021 8:29:58 PM LoggerDemo main
SEVERE: Veterans Day
дек. 05, 2021 8:29:58 PM LoggerDemo main
SEVERE: Thanksgiving Day
дек. 05, 2021 8:29:58 PM LoggerDemo main
SEVERE: 'Christmas Day' day off
дек. 05, 2021 8:29:58 PM LoggerDemo main
SEVERE: 'New Year's Day' day off
дек. 05, 2021 8:29:58 PM LoggerDemo main
SEVERE: / by zero
